C51 COMPILER V9.60.7.0   I2C                                                               12/03/2023 22:23:22 PAGE 1   


C51 COMPILER V9.60.7.0, COMPILATION OF MODULE I2C
OBJECT MODULE PLACED IN .\Objects\i2c.obj
COMPILER INVOKED BY: E:\Electrical\Application\Keil_C51\C51\BIN\C51.EXE i2c.c OPTIMIZE(8,SPEED) DEBUG OBJECTEXTEND PRINT
                    -(.\Listings\i2c.lst) TABS(2) OBJECT(.\Objects\i2c.obj)

line level    source

   1          #include "i2c.h"
   2          
   3          
   4          static void delay(void)
   5          {
   6   1        unsigned char i;
   7   1        for (i=0; i<I2C_DELAY; i++);
   8   1      }
   9          
  10          void i2c_start()
  11          {
  12   1        I2C_SCL = 1;
  13   1        I2C_SDA = 1;
  14   1        delay();
  15   1        I2C_SDA = 0;
  16   1        delay();
  17   1        I2C_SCL = 0;
  18   1      }
  19          
  20          void i2c_stop()
  21          {
  22   1        I2C_SDA = 0;
  23   1        delay();
  24   1        I2C_SCL = 1;
  25   1        delay();
  26   1        I2C_SDA = 1;
  27   1        delay();
  28   1      }
  29          
  30          void i2c_ack()
  31          {
  32   1        I2C_SDA = 0;
  33   1        delay();
  34   1        I2C_SCL = 1;
  35   1        delay();
  36   1        I2C_SCL = 0;
  37   1      }
  38          
  39          void i2c_nack()
  40          {
  41   1        I2C_SDA = 1;
  42   1        delay();
  43   1        I2C_SCL = 1;
  44   1        delay();
  45   1        I2C_SCL = 0;
  46   1      }
  47          
  48          bit i2c_transmit(unsigned char _data)
  49          {
  50   1        bit ACK;
  51   1        char i;
  52   1        for (i = 7; i >= 0; i--)
  53   1        {
  54   2          I2C_SDA = (_data >> i) & 0x01;
C51 COMPILER V9.60.7.0   I2C                                                               12/03/2023 22:23:22 PAGE 2   

  55   2          delay();
  56   2          I2C_SCL = 1;
  57   2          delay();
  58   2          I2C_SCL = 0;
  59   2        }
  60   1        delay();
  61   1        I2C_SCL = 1;
  62   1        ACK = I2C_SDA;
  63   1        delay();
  64   1        I2C_SCL = 0;
  65   1        return ACK;
  66   1      }
  67          
  68          unsigned char i2c_receive()
  69          {
  70   1        char i;
  71   1        unsigned char _data;
  72   1        _data = 0x00;
  73   1        for (i = 7; i > 0; i--)
  74   1        {
  75   2          delay();
  76   2          I2C_SCL = 1;
  77   2          _data = (_data | I2C_SDA) << 1;
  78   2          delay();
  79   2          I2C_SCL = 0;
  80   2        }
  81   1        delay();
  82   1        I2C_SCL = 1;
  83   1        _data |= I2C_SDA;
  84   1        delay();
  85   1        I2C_SCL = 0;
  86   1        return _data;
  87   1      }
  88          
  89          bit i2c_start_transmit(unsigned char device_adr)
  90          {
  91   1        i2c_start();
  92   1        return i2c_transmit(device_adr << 1);
  93   1      }
  94          
  95          bit i2c_start_receive(unsigned char device_adr)
  96          {
  97   1        i2c_start();
  98   1        return i2c_transmit((device_adr << 1) | 0x01);
  99   1      }


MODULE INFORMATION:   STATIC OVERLAYABLE
   CODE SIZE        =    169    ----
   CONSTANT SIZE    =   ----    ----
   XDATA SIZE       =   ----    ----
   PDATA SIZE       =   ----    ----
   DATA SIZE        =   ----    ----
   IDATA SIZE       =   ----    ----
   BIT SIZE         =   ----       1
END OF MODULE INFORMATION.


C51 COMPILATION COMPLETE.  0 WARNING(S),  0 ERROR(S)
